\BOOKMARK [0][]{chapter*.4}{\376\377\000I\000n\000t\000r\000o\000d\000u\000c\000t\000i\000o\000n}{}% 1
\BOOKMARK [0][]{chapter.1}{\376\377\000M\000\366\000s\000s\000b\000a\000u\000e\000r\000\040\000e\000f\000f\000e\000c\000t}{}% 2
\BOOKMARK [1][]{section.1.1}{\376\377\000P\000h\000y\000s\000i\000c\000a\000l\000\040\000c\000o\000n\000c\000e\000p\000t}{chapter.1}% 3
\BOOKMARK [1][]{section.1.2}{\376\377\000F\000e\0005\0007\000\040\000s\000p\000e\000c\000r\000o\000s\000c\000o\000p\000y}{chapter.1}% 4
\BOOKMARK [0][]{chapter.2}{\376\377\000G\000a\000m\000m\000a\000\040\000r\000a\000y\000s\000\040\000p\000r\000o\000p\000e\000r\000t\000i\000e\000s\000\040\000a\000n\000d\000\040\000m\000a\000t\000t\000e\000r\000\040\000i\000n\000t\000e\000r\000a\000c\000t\000i\000o\000n}{}% 5
\BOOKMARK [1][]{section.2.1}{\376\377\000G\000a\000m\000m\000a\000\040\000e\000m\000i\000s\000s\000i\000o\000n}{chapter.2}% 6
\BOOKMARK [1][]{section.2.2}{\376\377\000P\000a\000s\000s\000a\000g\000e\000\040\000o\000f\000\040\000R\000a\000d\000i\000a\000t\000i\000o\000n\000\040\000T\000h\000r\000o\000u\000g\000h\000\040\000M\000a\000t\000t\000e\000r}{chapter.2}% 7
\BOOKMARK [2][]{subsection.2.2.1}{\376\377\000G\000a\000m\000m\000a\000\040\000m\000a\000t\000t\000e\000r\000\040\000i\000n\000t\000e\000r\000a\000c\000t\000i\000o\000n}{section.2.2}% 8
\BOOKMARK [0][]{chapter.3}{\376\377\000G\000a\000m\000m\000a\000\040\000r\000a\000y\000s\000\040\000d\000e\000t\000e\000c\000t\000i\000o\000n}{}% 9
\BOOKMARK [1][]{section.3.1}{\376\377\000P\000r\000o\000p\000e\000r\000t\000i\000e\000s\000\040\000a\000n\000d\000\040\000p\000a\000r\000a\000m\000e\000t\000e\000r\000s\000\040\000o\000f\000\040\000d\000e\000t\000e\000c\000t\000o\000r\000s}{chapter.3}% 10
\BOOKMARK [2][]{subsection.3.1.1}{\376\377\000G\000a\000s\000e\000o\000u\000s\000\040\000d\000e\000t\000e\000c\000t\000o\000r\000s}{section.3.1}% 11
\BOOKMARK [2][]{subsection.3.1.2}{\376\377\000S\000c\000i\000n\000t\000i\000l\000l\000a\000t\000i\000o\000n\000\040\000D\000e\000t\000e\000c\000t\000o\000r\000s}{section.3.1}% 12
\BOOKMARK [2][]{subsection.3.1.3}{\376\377\000D\000e\000t\000e\000c\000t\000o\000r\000s\000\040\000b\000a\000s\000e\000d\000\040\000o\000n\000\040\000s\000e\000m\000i\000c\000o\000n\000d\000u\000c\000t\000o\000r\000s}{section.3.1}% 13
\BOOKMARK [0][]{chapter.4}{\376\377\000S\000e\000m\000i\000c\000o\000n\000d\000u\000c\000t\000o\000r\000\040\000D\000e\000t\000e\000c\000t\000o\000r\000s}{}% 14
\BOOKMARK [1][]{section.4.1}{\376\377\000P\000r\000i\000n\000c\000i\000p\000l\000e\000\040\000a\000n\000d\000\040\000p\000a\000r\000a\000m\000e\000t\000e\000r\000s}{chapter.4}% 15
\BOOKMARK [1][]{section.4.2}{\376\377\000C\000o\000n\000s\000t\000r\000u\000c\000t\000i\000o\000n\000\040\000s\000c\000h\000e\000m\000e\000\040\000o\000f\000\040\000I\000n\000s\000t\000r\000u\000m\000e\000n\000t\000s\000\040\000f\000o\000r\000\040\000g\000a\000m\000m\000a\000\040\000d\000e\000t\000e\000c\000t\000i\000o\000n\000\040\000b\000a\000s\000e\000d\000\040\000o\000n\000\040\000s\000e\000m\000i\000c\000o\000n\000d\000u\000c\000t\000o\000r\000s}{chapter.4}% 16
\BOOKMARK [2][]{subsection.4.2.1}{\376\377\000X\000R\000-\0001\0000\0000\000C\000d\000T\000e\000\040\000X\000-\000R\000a\000y\000\040\000a\000n\000d\000\040\000G\000a\000m\000m\000a\000\040\000R\000a\000y\000\040\000D\000e\000t\000e\000c\000t\000o\000r}{section.4.2}% 17
\BOOKMARK [2][]{subsection.4.2.2}{\376\377\000M\000I\000M\000O\000S\000\040\0002}{section.4.2}% 18
\BOOKMARK [1][]{section.4.3}{\376\377\000A\000v\000a\000i\000l\000a\000b\000l\000e\000\040\000s\000e\000m\000i\000c\000o\000n\000d\000u\000c\000t\000o\000r\000\040\000s\000e\000n\000s\000o\000r\000s}{chapter.4}% 19
\BOOKMARK [1][]{section.4.4}{\376\377\000H\000a\000m\000a\000m\000a\000t\000s\000u\000\040\000d\000e\000t\000e\000c\000t\000o\000r\000s}{chapter.4}% 20
\BOOKMARK [1][]{section.4.5}{\376\377\000O\000P\000F\0004\0002\0000\000\040\000P\000I\000N\000\040\000d\000i\000o\000d\000e}{chapter.4}% 21
\BOOKMARK [0][]{chapter.5}{\376\377\000D\000e\000t\000e\000c\000t\000o\000r\000\040\000p\000u\000l\000s\000e\000\040\000a\000n\000a\000l\000y\000s\000i\000s}{}% 22
\BOOKMARK [0][]{chapter*.5}{\376\377\000C\000o\000n\000c\000l\000u\000s\000i\000o\000n}{}% 23
